<?xml version="1.0" encoding="UTF-8"?>
<testsuite name="PersonalAssistantTest" tests="1" skipped="0" failures="0" errors="0" timestamp="2020-04-10T09:48:24" hostname="DESKTOP-17V4FVN" time="0.078">
  <properties/>
  <testcase name="start" classname="PersonalAssistantTest" time="0.078"/>
  <system-out><![CDATA[?[1;31m
Start test 1?[0m
Hello! My name is Rock
I was created in 2020
]]></system-out>
  <system-err><![CDATA[]]></system-err>
</testsuite>
